# JRE version: OpenJDK Runtime Environment Temurin-21.0.10+7 (21.0.10+7) (build 21.0.10+7-LTS)
# Java VM: OpenJDK 64-Bit Server VM Temurin-21.0.10+7 (21.0.10+7-LTS, mixed mode, sharing, tiered, compressed oops, compressed class ptrs, parallel gc, windows-amd64)
GC Precious Log:
 CardTable entry size: 512
 CPUs: 8 total, 8 available
 Memory: 14273M
 Large Page Support: Disabled
 NUMA Support: Disabled
 Compressed Oops: Enabled (32-bit)
 Alignments: Space 512K, Generation 512K, Heap 2M
 Heap Min Capacity: 100M
 Heap Initial Capacity: 100M
 Heap Max Capacity: 2G
 Pre-touch: Disabled
 Parallel Workers: 8
Heap:
 PSYoungGen      total 4096K, used 1081K [0x00000000d5580000, 0x00000000d5c00000, 0x0000000100000000)
  eden space 3072K, 13% used [0x00000000d5580000,0x00000000d55e6670,0x00000000d5880000)
  from space 1024K, 65% used [0x00000000d5b00000,0x00000000d5ba8000,0x00000000d5c00000)
  to   space 1024K, 0% used [0x00000000d5a00000,0x00000000d5a00000,0x00000000d5b00000)
 ParOldGen       total 1197568K, used 1197477K [0x0000000080000000, 0x00000000c9180000, 0x00000000d5580000)
  object space 1197568K, 99% used [0x0000000080000000,0x00000000c9169608,0x00000000c9180000)
 Metaspace       used 89462K, committed 91392K, reserved 1179648K
  class space    used 9303K, committed 10176K, reserved 1048576K
GC Heap History (20 events):
Event: 596.457 GC heap before
{Heap before GC invocations=1233 (full 4):
 PSYoungGen      total 3584K, used 3472K [0x00000000d5580000, 0x00000000d5a80000, 0x0000000100000000)
  eden space 3072K, 100% used [0x00000000d5580000,0x00000000d5880000,0x00000000d5880000)
  from space 512K, 78% used [0x00000000d5a00000,0x00000000d5a64010,0x00000000d5a80000)
  to   space 512K, 0% used [0x00000000d5980000,0x00000000d5980000,0x00000000d5a00000)
 ParOldGen       total 1194496K, used 1194231K [0x0000000080000000, 0x00000000c8e80000, 0x00000000d5580000)
  object space 1194496K, 99% used [0x0000000080000000,0x00000000c8e3dc18,0x00000000c8e80000)
 Metaspace       used 89443K, committed 91392K, reserved 1179648K
  class space    used 9303K, committed 10176K, reserved 1048576K
}
Event: 596.460 GC heap after
{Heap after GC invocations=1233 (full 4):
 PSYoungGen      total 3584K, used 192K [0x00000000d5580000, 0x00000000d5a80000, 0x0000000100000000)
  eden space 3072K, 0% used [0x00000000d5580000,0x00000000d5580000,0x00000000d5880000)
  from space 512K, 37% used [0x00000000d5980000,0x00000000d59b0020,0x00000000d5a00000)
  to   space 512K, 0% used [0x00000000d5a00000,0x00000000d5a00000,0x00000000d5a80000)
 ParOldGen       total 1194496K, used 1194247K [0x0000000080000000, 0x00000000c8e80000, 0x00000000d5580000)
  object space 1194496K, 99% used [0x0000000080000000,0x00000000c8e41c18,0x00000000c8e80000)
 Metaspace       used 89443K, committed 91392K, reserved 1179648K
  class space    used 9303K, committed 10176K, reserved 1048576K
}
Event: 596.481 GC heap before
{Heap before GC invocations=1234 (full 4):
 PSYoungGen      total 3584K, used 3264K [0x00000000d5580000, 0x00000000d5a80000, 0x0000000100000000)
  eden space 3072K, 100% used [0x00000000d5580000,0x00000000d5880000,0x00000000d5880000)
  from space 512K, 37% used [0x00000000d5980000,0x00000000d59b0020,0x00000000d5a00000)
  to   space 512K, 0% used [0x00000000d5a00000,0x00000000d5a00000,0x00000000d5a80000)
 ParOldGen       total 1194496K, used 1194247K [0x0000000080000000, 0x00000000c8e80000, 0x00000000d5580000)
  object space 1194496K, 99% used [0x0000000080000000,0x00000000c8e41c18,0x00000000c8e80000)
 Metaspace       used 89448K, committed 91392K, reserved 1179648K
  class space    used 9303K, committed 10176K, reserved 1048576K
}
Event: 596.485 GC heap after
{Heap after GC invocations=1234 (full 4):
 PSYoungGen      total 3584K, used 506K [0x00000000d5580000, 0x00000000d5a80000, 0x0000000100000000)
  eden space 3072K, 0% used [0x00000000d5580000,0x00000000d5580000,0x00000000d5880000)
  from space 512K, 98% used [0x00000000d5a00000,0x00000000d5a7e900,0x00000000d5a80000)
  to   space 1024K, 0% used [0x00000000d5880000,0x00000000d5880000,0x00000000d5980000)
 ParOldGen       total 1194496K, used 1194452K [0x0000000080000000, 0x00000000c8e80000, 0x00000000d5580000)
  object space 1194496K, 99% used [0x0000000080000000,0x00000000c8e752b8,0x00000000c8e80000)
 Metaspace       used 89448K, committed 91392K, reserved 1179648K
  class space    used 9303K, committed 10176K, reserved 1048576K
}
Event: 596.828 GC heap before
{Heap before GC invocations=1235 (full 4):
 PSYoungGen      total 3584K, used 3578K [0x00000000d5580000, 0x00000000d5a80000, 0x0000000100000000)
  eden space 3072K, 100% used [0x00000000d5580000,0x00000000d5880000,0x00000000d5880000)
  from space 512K, 98% used [0x00000000d5a00000,0x00000000d5a7e900,0x00000000d5a80000)
  to   space 1024K, 0% used [0x00000000d5880000,0x00000000d5880000,0x00000000d5980000)
 ParOldGen       total 1194496K, used 1194452K [0x0000000080000000, 0x00000000c8e80000, 0x00000000d5580000)
  object space 1194496K, 99% used [0x0000000080000000,0x00000000c8e752b8,0x00000000c8e80000)
 Metaspace       used 89450K, committed 91392K, reserved 1179648K
  class space    used 9303K, committed 10176K, reserved 1048576K
}
Event: 596.832 GC heap after
{Heap after GC invocations=1235 (full 4):
 PSYoungGen      total 4096K, used 624K [0x00000000d5580000, 0x00000000d5a80000, 0x0000000100000000)
  eden space 3072K, 0% used [0x00000000d5580000,0x00000000d5580000,0x00000000d5880000)
  from space 1024K, 60% used [0x00000000d5880000,0x00000000d591c010,0x00000000d5980000)
  to   space 1024K, 0% used [0x00000000d5980000,0x00000000d5980000,0x00000000d5a80000)
 ParOldGen       total 1195008K, used 1194961K [0x0000000080000000, 0x00000000c8f00000, 0x00000000d5580000)
  object space 1195008K, 99% used [0x0000000080000000,0x00000000c8ef44b8,0x00000000c8f00000)
 Metaspace       used 89450K, committed 91392K, reserved 1179648K
  class space    used 9303K, committed 10176K, reserved 1048576K
}
Event: 596.848 GC heap before
{Heap before GC invocations=1236 (full 4):
 PSYoungGen      total 4096K, used 3696K [0x00000000d5580000, 0x00000000d5a80000, 0x0000000100000000)
  eden space 3072K, 100% used [0x00000000d5580000,0x00000000d5880000,0x00000000d5880000)
  from space 1024K, 60% used [0x00000000d5880000,0x00000000d591c010,0x00000000d5980000)
  to   space 1024K, 0% used [0x00000000d5980000,0x00000000d5980000,0x00000000d5a80000)
 ParOldGen       total 1195008K, used 1194961K [0x0000000080000000, 0x00000000c8f00000, 0x00000000d5580000)
  object space 1195008K, 99% used [0x0000000080000000,0x00000000c8ef44b8,0x00000000c8f00000)
 Metaspace       used 89450K, committed 91392K, reserved 1179648K
  class space    used 9303K, committed 10176K, reserved 1048576K
}
Event: 596.852 GC heap after
{Heap after GC invocations=1236 (full 4):
 PSYoungGen      total 4096K, used 496K [0x00000000d5580000, 0x00000000d5a80000, 0x0000000100000000)
  eden space 3072K, 0% used [0x00000000d5580000,0x00000000d5580000,0x00000000d5880000)
  from space 1024K, 48% used [0x00000000d5980000,0x00000000d59fc010,0x00000000d5a80000)
  to   space 1024K, 0% used [0x00000000d5880000,0x00000000d5880000,0x00000000d5980000)
 ParOldGen       total 1195520K, used 1195187K [0x0000000080000000, 0x00000000c8f80000, 0x00000000d5580000)
  object space 1195520K, 99% used [0x0000000080000000,0x00000000c8f2cdd8,0x00000000c8f80000)
 Metaspace       used 89450K, committed 91392K, reserved 1179648K
  class space    used 9303K, committed 10176K, reserved 1048576K
}
Event: 597.357 GC heap before
{Heap before GC invocations=1237 (full 4):
 PSYoungGen      total 4096K, used 3568K [0x00000000d5580000, 0x00000000d5a80000, 0x0000000100000000)
  eden space 3072K, 100% used [0x00000000d5580000,0x00000000d5880000,0x00000000d5880000)
  from space 1024K, 48% used [0x00000000d5980000,0x00000000d59fc010,0x00000000d5a80000)
  to   space 1024K, 0% used [0x00000000d5880000,0x00000000d5880000,0x00000000d5980000)
 ParOldGen       total 1195520K, used 1195187K [0x0000000080000000, 0x00000000c8f80000, 0x00000000d5580000)
  object space 1195520K, 99% used [0x0000000080000000,0x00000000c8f2cdd8,0x00000000c8f80000)
 Metaspace       used 89458K, committed 91392K, reserved 1179648K
  class space    used 9303K, committed 10176K, reserved 1048576K
}
Event: 597.360 GC heap after
{Heap after GC invocations=1237 (full 4):
 PSYoungGen      total 4096K, used 346K [0x00000000d5580000, 0x00000000d5a00000, 0x0000000100000000)
  eden space 3072K, 0% used [0x00000000d5580000,0x00000000d5580000,0x00000000d5880000)
  from space 1024K, 33% used [0x00000000d5880000,0x00000000d58d6900,0x00000000d5980000)
  to   space 512K, 0% used [0x00000000d5980000,0x00000000d5980000,0x00000000d5a00000)
 ParOldGen       total 1195520K, used 1195203K [0x0000000080000000, 0x00000000c8f80000, 0x00000000d5580000)
  object space 1195520K, 99% used [0x0000000080000000,0x00000000c8f30dd8,0x00000000c8f80000)
 Metaspace       used 89458K, committed 91392K, reserved 1179648K
  class space    used 9303K, committed 10176K, reserved 1048576K
}
Event: 597.426 GC heap before
{Heap before GC invocations=1238 (full 4):
 PSYoungGen      total 4096K, used 3418K [0x00000000d5580000, 0x00000000d5a00000, 0x0000000100000000)
  eden space 3072K, 100% used [0x00000000d5580000,0x00000000d5880000,0x00000000d5880000)
  from space 1024K, 33% used [0x00000000d5880000,0x00000000d58d6900,0x00000000d5980000)
  to   space 512K, 0% used [0x00000000d5980000,0x00000000d5980000,0x00000000d5a00000)
 ParOldGen       total 1195520K, used 1195203K [0x0000000080000000, 0x00000000c8f80000, 0x00000000d5580000)
  object space 1195520K, 99% used [0x0000000080000000,0x00000000c8f30dd8,0x00000000c8f80000)
 Metaspace       used 89462K, committed 91392K, reserved 1179648K
  class space    used 9303K, committed 10176K, reserved 1048576K
}
Event: 597.429 GC heap after
{Heap after GC invocations=1238 (full 4):
 PSYoungGen      total 3584K, used 512K [0x00000000d5580000, 0x00000000d5a80000, 0x0000000100000000)
  eden space 3072K, 0% used [0x00000000d5580000,0x00000000d5580000,0x00000000d5880000)
  from space 512K, 100% used [0x00000000d5980000,0x00000000d5a00000,0x00000000d5a00000)
  to   space 1024K, 0% used [0x00000000d5880000,0x00000000d5880000,0x00000000d5980000)
 ParOldGen       total 1196032K, used 1195567K [0x0000000080000000, 0x00000000c9000000, 0x00000000d5580000)
  object space 1196032K, 99% used [0x0000000080000000,0x00000000c8f8bfe8,0x00000000c9000000)
 Metaspace       used 89462K, committed 91392K, reserved 1179648K
  class space    used 9303K, committed 10176K, reserved 1048576K
}
Event: 597.439 GC heap before
{Heap before GC invocations=1239 (full 4):
 PSYoungGen      total 3584K, used 3584K [0x00000000d5580000, 0x00000000d5a80000, 0x0000000100000000)
  eden space 3072K, 100% used [0x00000000d5580000,0x00000000d5880000,0x00000000d5880000)
  from space 512K, 100% used [0x00000000d5980000,0x00000000d5a00000,0x00000000d5a00000)
  to   space 1024K, 0% used [0x00000000d5880000,0x00000000d5880000,0x00000000d5980000)
 ParOldGen       total 1196032K, used 1195567K [0x0000000080000000, 0x00000000c9000000, 0x00000000d5580000)
  object space 1196032K, 99% used [0x0000000080000000,0x00000000c8f8bfe8,0x00000000c9000000)
 Metaspace       used 89462K, committed 91392K, reserved 1179648K
  class space    used 9303K, committed 10176K, reserved 1048576K
}
Event: 597.442 GC heap after
{Heap after GC invocations=1239 (full 4):
 PSYoungGen      total 4096K, used 1022K [0x00000000d5580000, 0x00000000d5e80000, 0x0000000100000000)
  eden space 3072K, 0% used [0x00000000d5580000,0x00000000d5580000,0x00000000d5880000)
  from space 1024K, 99% used [0x00000000d5880000,0x00000000d597f960,0x00000000d5980000)
  to   space 3072K, 0% used [0x00000000d5b80000,0x00000000d5b80000,0x00000000d5e80000)
 ParOldGen       total 1197056K, used 1196879K [0x0000000080000000, 0x00000000c9100000, 0x00000000d5580000)
  object space 1197056K, 99% used [0x0000000080000000,0x00000000c90d3f78,0x00000000c9100000)
 Metaspace       used 89462K, committed 91392K, reserved 1179648K
  class space    used 9303K, committed 10176K, reserved 1048576K
}
Event: 597.458 GC heap before
{Heap before GC invocations=1240 (full 4):
 PSYoungGen      total 4096K, used 4094K [0x00000000d5580000, 0x00000000d5e80000, 0x0000000100000000)
  eden space 3072K, 100% used [0x00000000d5580000,0x00000000d5880000,0x00000000d5880000)
  from space 1024K, 99% used [0x00000000d5880000,0x00000000d597f960,0x00000000d5980000)
  to   space 3072K, 0% used [0x00000000d5b80000,0x00000000d5b80000,0x00000000d5e80000)
 ParOldGen       total 1197056K, used 1196879K [0x0000000080000000, 0x00000000c9100000, 0x00000000d5580000)
  object space 1197056K, 99% used [0x0000000080000000,0x00000000c90d3f78,0x00000000c9100000)
 Metaspace       used 89462K, committed 91392K, reserved 1179648K
  class space    used 9303K, committed 10176K, reserved 1048576K
}
Event: 597.462 GC heap after
{Heap after GC invocations=1240 (full 4):
 PSYoungGen      total 3584K, used 352K [0x00000000d5580000, 0x00000000d5c00000, 0x0000000100000000)
  eden space 3072K, 0% used [0x00000000d5580000,0x00000000d5580000,0x00000000d5880000)
  from space 512K, 68% used [0x00000000d5b80000,0x00000000d5bd8000,0x00000000d5c00000)
  to   space 1536K, 0% used [0x00000000d5900000,0x00000000d5900000,0x00000000d5a80000)
 ParOldGen       total 1197568K, used 1197229K [0x0000000080000000, 0x00000000c9180000, 0x00000000d5580000)
  object space 1197568K, 99% used [0x0000000080000000,0x00000000c912b608,0x00000000c9180000)
 Metaspace       used 89462K, committed 91392K, reserved 1179648K
  class space    used 9303K, committed 10176K, reserved 1048576K
}
Event: 597.657 GC heap before
{Heap before GC invocations=1241 (full 4):
 PSYoungGen      total 3584K, used 3423K [0x00000000d5580000, 0x00000000d5c00000, 0x0000000100000000)
  eden space 3072K, 99% used [0x00000000d5580000,0x00000000d587fff0,0x00000000d5880000)
  from space 512K, 68% used [0x00000000d5b80000,0x00000000d5bd8000,0x00000000d5c00000)
  to   space 1536K, 0% used [0x00000000d5900000,0x00000000d5900000,0x00000000d5a80000)
 ParOldGen       total 1197568K, used 1197229K [0x0000000080000000, 0x00000000c9180000, 0x00000000d5580000)
  object space 1197568K, 99% used [0x0000000080000000,0x00000000c912b608,0x00000000c9180000)
 Metaspace       used 89462K, committed 91392K, reserved 1179648K
  class space    used 9303K, committed 10176K, reserved 1048576K
}
Event: 597.659 GC heap after
{Heap after GC invocations=1241 (full 4):
 PSYoungGen      total 4608K, used 576K [0x00000000d5580000, 0x00000000d5c00000, 0x0000000100000000)
  eden space 3072K, 0% used [0x00000000d5580000,0x00000000d5580000,0x00000000d5880000)
  from space 1536K, 37% used [0x00000000d5900000,0x00000000d5990000,0x00000000d5a80000)
  to   space 1024K, 0% used [0x00000000d5b00000,0x00000000d5b00000,0x00000000d5c00000)
 ParOldGen       total 1197568K, used 1197413K [0x0000000080000000, 0x00000000c9180000, 0x00000000d5580000)
  object space 1197568K, 99% used [0x0000000080000000,0x00000000c9159608,0x00000000c9180000)
 Metaspace       used 89462K, committed 91392K, reserved 1179648K
  class space    used 9303K, committed 10176K, reserved 1048576K
}
Event: 597.671 GC heap before
{Heap before GC invocations=1242 (full 4):
 PSYoungGen      total 4608K, used 3648K [0x00000000d5580000, 0x00000000d5c00000, 0x0000000100000000)
  eden space 3072K, 100% used [0x00000000d5580000,0x00000000d5880000,0x00000000d5880000)
  from space 1536K, 37% used [0x00000000d5900000,0x00000000d5990000,0x00000000d5a80000)
  to   space 1024K, 0% used [0x00000000d5b00000,0x00000000d5b00000,0x00000000d5c00000)
 ParOldGen       total 1197568K, used 1197413K [0x0000000080000000, 0x00000000c9180000, 0x00000000d5580000)
  object space 1197568K, 99% used [0x0000000080000000,0x00000000c9159608,0x00000000c9180000)
 Metaspace       used 89462K, committed 91392K, reserved 1179648K
  class space    used 9303K, committed 10176K, reserved 1048576K
}
Event: 597.674 GC heap after
{Heap after GC invocations=1242 (full 4):
 PSYoungGen      total 4096K, used 672K [0x00000000d5580000, 0x00000000d5c00000, 0x0000000100000000)
  eden space 3072K, 0% used [0x00000000d5580000,0x00000000d5580000,0x00000000d5880000)
  from space 1024K, 65% used [0x00000000d5b00000,0x00000000d5ba8000,0x00000000d5c00000)
  to   space 1024K, 0% used [0x00000000d5a00000,0x00000000d5a00000,0x00000000d5b00000)
 ParOldGen       total 1197568K, used 1197477K [0x0000000080000000, 0x00000000c9180000, 0x00000000d5580000)
  object space 1197568K, 99% used [0x0000000080000000,0x00000000c9169608,0x00000000c9180000)
 Metaspace       used 89462K, committed 91392K, reserved 1179648K
  class space    used 9303K, committed 10176K, reserved 1048576K
}

